<?xml version="1.0" encoding="UTF-8" ?>
<testsuite tests="1" failures="1" name="TestSuite" time="0.007" errors="0" skipped="0">
  <properties>
    <property name="DISPLAY" value=":0"/>
    <property name="file.encoding.pkg" value="sun.io"/>
    <property name="CLUTTER_IM_MODULE" value="xim"/>
    <property name="java.home" value="/usr/lib/jvm/java-8-openjdk-amd64/jre"/>
    <property name="LOGNAME" value="vandanatiwari"/>
    <property name="VTE_VERSION" value="5202"/>
    <property name="NODE_NAME" value="master"/>
    <property name="PWD" value="/home/vandanatiwari/Documents/JenkinsDoc"/>
    <property name="JENKINS_URL" value="http://localhost:8080/"/>
    <property name="sun.font.fontmanager" value="sun.awt.X11FontManager"/>
    <property name="GDMSESSION" value="ubuntu"/>
    <property name="java.endorsed.dirs" value="/usr/lib/jvm/java-8-openjdk-amd64/jre/lib/endorsed"/>
    <property name="sun.os.patch.level" value="unknown"/>
    <property name="java.vendor.url" value="http://java.oracle.com/"/>
    <property name="GPG_AGENT_INFO" value="/run/user/1001/gnupg/S.gpg-agent:0:1"/>
    <property name="java.version" value="1.8.0_252"/>
    <property name="TEXTDOMAIN" value="im-config"/>
    <property name="JOB_NAME" value="SeleniumTestJob"/>
    <property name="ANDROID_HOME" value="/home/vandanatiwari/Android/Sdk"/>
    <property name="java.vendor.url.bug" value="http://bugreport.sun.com/bugreport/"/>
    <property name="XDG_DATA_DIRS" value="/usr/share/ubuntu:/usr/local/share/:/usr/share/:/var/lib/snapd/desktop"/>
    <property name="user.name" value="vandanatiwari"/>
    <property name="sun.io.unicode.encoding" value="UnicodeLittle"/>
    <property name="XDG_RUNTIME_DIR" value="/run/user/1001"/>
    <property name="sun.jnu.encoding" value="UTF-8"/>
    <property name="java.runtime.name" value="OpenJDK Runtime Environment"/>
    <property name="XDG_SESSION_DESKTOP" value="ubuntu"/>
    <property name="java.specification.name" value="Java Platform API Specification"/>
    <property name="RUN_CHANGES_DISPLAY_URL" value="http://localhost:8080/job/SeleniumTestJob/8/display/redirect?page=changes"/>
    <property name="user.timezone" value="Asia/Kolkata"/>
    <property name="INFOPATH" value="/home/linuxbrew/.linuxbrew/share/info:"/>
    <property name="path.separator" value=":"/>
    <property name="BUILD_TAG" value="jenkins-SeleniumTestJob-8"/>
    <property name="TERM" value="xterm-256color"/>
    <property name="GTK_MODULES" value="gail:atk-bridge"/>
    <property name="file.encoding" value="UTF-8"/>
    <property name="PATH" value="/usr/lib/jvm/java-1.8.0-openjdk-amd64/bin:/usr/bin:/bin"/>
    <property name="QT_ACCESSIBILITY" value="1"/>
    <property name="DESKTOP_SESSION" value="ubuntu"/>
    <property name="sun.java.command" value="jenkins.maven3.agent.Maven35Main /home/vandanatiwari/.jenkins/tools/hudson.tasks.Maven_MavenInstallation/TestMaven /home/vandanatiwari/.jenkins/war/WEB-INF/lib/remoting-4.6.jar /home/vandanatiwari/.jenkins/plugins/maven-plugin/WEB-INF/lib/maven35-interceptor-1.13.jar /home/vandanatiwari/.jenkins/plugins/maven-plugin/WEB-INF/lib/maven3-interceptor-commons-1.13.jar 46521"/>
    <property name="HUDSON_URL" value="http://localhost:8080/"/>
    <property name="XDG_CONFIG_DIRS" value="/etc/xdg/xdg-ubuntu:/etc/xdg"/>
    <property name="JENKINS_SERVER_COOKIE" value="8808a184969a6b48"/>
    <property name="EXECUTOR_NUMBER" value="1"/>
    <property name="XDG_SESSION_TYPE" value="x11"/>
    <property name="MANPATH" value="/home/linuxbrew/.linuxbrew/share/man:"/>
    <property name="java.io.tmpdir" value="/tmp"/>
    <property name="user.language" value="en"/>
    <property name="line.separator" value="
"/>
    <property name="COLORTERM" value="truecolor"/>
    <property name="BUILD_URL" value="http://localhost:8080/job/SeleniumTestJob/8/"/>
    <property name="SSH_AGENT_PID" value="1669"/>
    <property name="SHLVL" value="1"/>
    <property name="M2_HOME" value="/home/vandanatiwari/.jenkins/tools/hudson.tasks.Maven_MavenInstallation/TestMaven"/>
    <property name="USER" value="vandanatiwari"/>
    <property name="java.vm.info" value="mixed mode"/>
    <property name="sun.desktop" value="gnome"/>
    <property name="java.vm.specification.name" value="Java Virtual Machine Specification"/>
    <property name="BUILD_DISPLAY_NAME" value="#8"/>
    <property name="WINDOWPATH" value="2"/>
    <property name="guice.disable.misplaced.annotation.check" value="true"/>
    <property name="GJS_DEBUG_OUTPUT" value="stderr"/>
    <property name="HUDSON_SERVER_COOKIE" value="8808a184969a6b48"/>
    <property name="WORKSPACE_TMP" value="/home/vandanatiwari/.jenkins/workspace/SeleniumTestJob@tmp"/>
    <property name="MAVEN_HOME" value="/home/vandanatiwari/.jenkins/tools/hudson.tasks.Maven_MavenInstallation/TestMaven"/>
    <property name="GNOME_TERMINAL_SERVICE" value=":1.100"/>
    <property name="java.awt.printerjob" value="sun.print.PSPrinterJob"/>
    <property name="SESSION_MANAGER" value="local/administrator-Latitude-3490:@/tmp/.ICE-unix/1574,unix/administrator-Latitude-3490:/tmp/.ICE-unix/1574"/>
    <property name="maven3.interceptor.common" value="/home/vandanatiwari/.jenkins/plugins/maven-plugin/WEB-INF/lib/maven3-interceptor-commons-1.13.jar"/>
    <property name="CLASSPATH" value=""/>
    <property name="GNOME_DESKTOP_SESSION_ID" value="this-is-deprecated"/>
    <property name="XAUTHORITY" value="/run/user/1001/gdm/Xauthority"/>
    <property name="LESSCLOSE" value="/bin/lesspipe %s %s"/>
    <property name="XDG_MENU_PREFIX" value="gnome-"/>
    <property name="XDG_CURRENT_DESKTOP" value="ubuntu:GNOME"/>
    <property name="os.name" value="Linux"/>
    <property name="java.specification.vendor" value="Oracle Corporation"/>
    <property name="java.vm.name" value="OpenJDK 64-Bit Server VM"/>
    <property name="BUILD_NUMBER" value="8"/>
    <property name="maven3.interceptor" value="/home/vandanatiwari/.jenkins/plugins/maven-plugin/WEB-INF/lib/maven35-interceptor-1.13.jar"/>
    <property name="java.library.path" value="/usr/java/packages/lib/amd64:/usr/lib/x86_64-linux-gnu/jni:/lib/x86_64-linux-gnu:/usr/lib/x86_64-linux-gnu:/usr/lib/jni:/lib:/usr/lib"/>
    <property name="GJS_DEBUG_TOPICS" value="JS ERROR;JS LOG"/>
    <property name="QT_IM_MODULE" value="ibus"/>
    <property name="POM_GROUPID" value="org.example"/>
    <property name="POM_ARTIFACTID" value="seleinumLearning"/>
    <property name="java.class.version" value="52.0"/>
    <property name="DBUS_SESSION_BUS_ADDRESS" value="unix:path=/run/user/1001/bus"/>
    <property name="JOB_URL" value="http://localhost:8080/job/SeleniumTestJob/"/>
    <property name="RUN_DISPLAY_URL" value="http://localhost:8080/job/SeleniumTestJob/8/display/redirect"/>
    <property name="GNOME_SHELL_SESSION_MODE" value="ubuntu"/>
    <property name="JENKINS_HOME" value="/home/vandanatiwari/.jenkins"/>
    <property name="BUILD_ID" value="8"/>
    <property name="sun.boot.library.path" value="/usr/lib/jvm/java-8-openjdk-amd64/jre/lib/amd64"/>
    <property name="TEXTDOMAINDIR" value="/usr/share/locale/"/>
    <property name="sun.management.compiler" value="HotSpot 64-Bit Tiered Compilers"/>
    <property name="java.awt.graphicsenv" value="sun.awt.X11GraphicsEnvironment"/>
    <property name="POM_VERSION" value="1.0-SNAPSHOT"/>
    <property name="GTK_IM_MODULE" value="ibus"/>
    <property name="HUDSON_HOME" value="/home/vandanatiwari/.jenkins"/>
    <property name="PATH+MAVEN" value="/home/vandanatiwari/.jenkins/tools/hudson.tasks.Maven_MavenInstallation/TestMaven/bin"/>
    <property name="OLDPWD" value="/home/vandanatiwari/Documents"/>
    <property name="RUN_ARTIFACTS_DISPLAY_URL" value="http://localhost:8080/job/SeleniumTestJob/8/display/redirect?page=artifacts"/>
    <property name="java.vm.specification.version" value="1.8"/>
    <property name="JAVA_HOME" value="/usr/lib/jvm/java-1.8.0-openjdk-amd64"/>
    <property name="SHELL" value="/bin/bash"/>
    <property name="awt.toolkit" value="sun.awt.X11.XToolkit"/>
    <property name="NODE_LABELS" value="master"/>
    <property name="sun.cpu.isalist" value=""/>
    <property name="JOB_DISPLAY_URL" value="http://localhost:8080/job/SeleniumTestJob/display/redirect"/>
    <property name="securerandom.source" value="file:/dev/./urandom"/>
    <property name="java.ext.dirs" value="/usr/lib/jvm/java-8-openjdk-amd64/jre/lib/ext:/usr/java/packages/lib/ext"/>
    <property name="NODEJS_HOME" value="/home/vandanatiwari/Downloads/node-v8.2.1-linux-x64/bin"/>
    <property name="os.version" value="5.3.0-53-generic"/>
    <property name="user.home" value="/home/vandanatiwari"/>
    <property name="USERNAME" value="vandanatiwari"/>
    <property name="_" value="/usr/lib/jvm/java-1.8.0-openjdk-amd64/bin/java"/>
    <property name="java.vm.vendor" value="Private Build"/>
    <property name="IM_CONFIG_PHASE" value="2"/>
    <property name="user.dir" value="/home/vandanatiwari/IdeaProjects/seleinumLearning"/>
    <property name="maven.conf" value="/home/vandanatiwari/.jenkins/tools/hudson.tasks.Maven_MavenInstallation/TestMaven/conf"/>
    <property name="XDG_VTNR" value="2"/>
    <property name="sun.cpu.endian" value="little"/>
    <property name="java.vm.version" value="25.252-b09"/>
    <property name="java.class.path" value="/home/vandanatiwari/.jenkins/plugins/maven-plugin/WEB-INF/lib/maven35-agent-1.13.jar:/home/vandanatiwari/.jenkins/tools/hudson.tasks.Maven_MavenInstallation/TestMaven/boot/plexus-classworlds-2.6.0.jar:/home/vandanatiwari/.jenkins/tools/hudson.tasks.Maven_MavenInstallation/TestMaven/conf/logging"/>
    <property name="org.slf4j.simpleLogger.defaultLogLevel" value="info"/>
    <property name="XDG_SEAT" value="seat0"/>
    <property name="os.arch" value="amd64"/>
    <property name="WORKSPACE" value="/home/vandanatiwari/.jenkins/workspace/SeleniumTestJob"/>
    <property name="RUN_TESTS_DISPLAY_URL" value="http://localhost:8080/job/SeleniumTestJob/8/display/redirect?page=tests"/>
    <property name="sun.java.launcher" value="SUN_STANDARD"/>
    <property name="LANG" value="en_IN"/>
    <property name="LESSOPEN" value="| /bin/lesspipe %s"/>
    <property name="java.vm.specification.vendor" value="Oracle Corporation"/>
    <property name="file.separator" value="/"/>
    <property name="LANGUAGE" value="en_IN:en"/>
    <property name="java.runtime.version" value="1.8.0_252-8u252-b09-1~18.04-b09"/>
    <property name="XDG_SESSION_ID" value="2"/>
    <property name="sun.boot.class.path" value="/usr/lib/jvm/java-8-openjdk-amd64/jre/lib/resources.jar:/usr/lib/jvm/java-8-openjdk-amd64/jre/lib/rt.jar:/usr/lib/jvm/java-8-openjdk-amd64/jre/lib/sunrsasign.jar:/usr/lib/jvm/java-8-openjdk-amd64/jre/lib/jsse.jar:/usr/lib/jvm/java-8-openjdk-amd64/jre/lib/jce.jar:/usr/lib/jvm/java-8-openjdk-amd64/jre/lib/charsets.jar:/usr/lib/jvm/java-8-openjdk-amd64/jre/lib/jfr.jar:/usr/lib/jvm/java-8-openjdk-amd64/jre/classes"/>
    <property name="javax.accessibility.assistive_technologies" value="org.GNOME.Accessibility.AtkWrapper"/>
    <property name="QT4_IM_MODULE" value="xim"/>
    <property name="user.country" value="IN"/>
    <property name="POM_PACKAGING" value="jar"/>
    <property name="maven.home" value="/home/vandanatiwari/.jenkins/tools/hudson.tasks.Maven_MavenInstallation/TestMaven"/>
    <property name="JOB_BASE_NAME" value="SeleniumTestJob"/>
    <property name="XMODIFIERS" value="@im=ibus"/>
    <property name="GNOME_TERMINAL_SCREEN" value="/org/gnome/Terminal/screen/981adbe1_8063_474e_9d4a_6540f28dddc0"/>
    <property name="HOME" value="/home/vandanatiwari"/>
    <property name="java.vendor" value="Private Build"/>
    <property name="SSH_AUTH_SOCK" value="/run/user/1001/keyring/ssh"/>
    <property name="LS_COLORS" value="rs=0:di=01;34:ln=01;36:mh=00:pi=40;33:so=01;35:do=01;35:bd=40;33;01:cd=40;33;01:or=40;31;01:mi=00:su=37;41:sg=30;43:ca=30;41:tw=30;42:ow=34;42:st=37;44:ex=01;32:*.tar=01;31:*.tgz=01;31:*.arc=01;31:*.arj=01;31:*.taz=01;31:*.lha=01;31:*.lz4=01;31:*.lzh=01;31:*.lzma=01;31:*.tlz=01;31:*.txz=01;31:*.tzo=01;31:*.t7z=01;31:*.zip=01;31:*.z=01;31:*.Z=01;31:*.dz=01;31:*.gz=01;31:*.lrz=01;31:*.lz=01;31:*.lzo=01;31:*.xz=01;31:*.zst=01;31:*.tzst=01;31:*.bz2=01;31:*.bz=01;31:*.tbz=01;31:*.tbz2=01;31:*.tz=01;31:*.deb=01;31:*.rpm=01;31:*.jar=01;31:*.war=01;31:*.ear=01;31:*.sar=01;31:*.rar=01;31:*.alz=01;31:*.ace=01;31:*.zoo=01;31:*.cpio=01;31:*.7z=01;31:*.rz=01;31:*.cab=01;31:*.wim=01;31:*.swm=01;31:*.dwm=01;31:*.esd=01;31:*.jpg=01;35:*.jpeg=01;35:*.mjpg=01;35:*.mjpeg=01;35:*.gif=01;35:*.bmp=01;35:*.pbm=01;35:*.pgm=01;35:*.ppm=01;35:*.tga=01;35:*.xbm=01;35:*.xpm=01;35:*.tif=01;35:*.tiff=01;35:*.png=01;35:*.svg=01;35:*.svgz=01;35:*.mng=01;35:*.pcx=01;35:*.mov=01;35:*.mpg=01;35:*.mpeg=01;35:*.m2v=01;35:*.mkv=01;35:*.webm=01;35:*.ogm=01;35:*.mp4=01;35:*.m4v=01;35:*.mp4v=01;35:*.vob=01;35:*.qt=01;35:*.nuv=01;35:*.wmv=01;35:*.asf=01;35:*.rm=01;35:*.rmvb=01;35:*.flc=01;35:*.avi=01;35:*.fli=01;35:*.flv=01;35:*.gl=01;35:*.dl=01;35:*.xcf=01;35:*.xwd=01;35:*.yuv=01;35:*.cgm=01;35:*.emf=01;35:*.ogv=01;35:*.ogx=01;35:*.aac=00;36:*.au=00;36:*.flac=00;36:*.m4a=00;36:*.mid=00;36:*.midi=00;36:*.mka=00;36:*.mp3=00;36:*.mpc=00;36:*.ogg=00;36:*.ra=00;36:*.wav=00;36:*.oga=00;36:*.opus=00;36:*.spx=00;36:*.xspf=00;36:"/>
    <property name="POM_DISPLAYNAME" value="seleinumLearning"/>
    <property name="java.specification.version" value="1.8"/>
    <property name="sun.arch.data.model" value="64"/>
  </properties>
  <testcase classname="seleniumproject.TestClass.googleSearchTest" name="testcase1" time="0.007">
    <failure type="java.lang.NullPointerException">java.lang.NullPointerException
	at seleniumproject.TestClass.googleSearchTest.testcase1(googleSearchTest.java:10)
</failure>
    <system-out>Configuring TestNG with: org.apache.maven.surefire.testng.conf.TestNG652Configurator@1d251891
Chrome
</system-out>
    <system-err>Starting ChromeDriver 80.0.3987.106 (f68069574609230cf9b635cd784cfb1bf81bb53a-refs/branch-heads/3987@{#882}) on port 26708
Only local connections are allowed.
Please protect ports used by ChromeDriver and related test frameworks to prevent access by malicious code.
Jan 02, 2021 6:01:39 PM org.openqa.selenium.remote.ProtocolHandshake createSession
INFO: Detected dialect: W3C
[1609590701.901][SEVERE]: Timed out receiving message from renderer: 0.100
[1609590702.035][SEVERE]: Timed out receiving message from renderer: 0.100
[1609590702.233][SEVERE]: Timed out receiving message from renderer: 0.100
[1609590702.336][SEVERE]: Timed out receiving message from renderer: 0.100
[1609590702.595][SEVERE]: Timed out receiving message from renderer: 0.100
[1609590702.698][SEVERE]: Timed out receiving message from renderer: 0.100
[1609590702.800][SEVERE]: Timed out receiving message from renderer: 0.100
[1609590702.904][SEVERE]: Timed out receiving message from renderer: 0.100
[1609590703.014][SEVERE]: Timed out receiving message from renderer: 0.100
[1609590703.126][SEVERE]: Timed out receiving message from renderer: 0.100
[1609590703.227][SEVERE]: Timed out receiving message from renderer: 0.100
[1609590703.329][SEVERE]: Timed out receiving message from renderer: 0.100
[1609590703.431][SEVERE]: Timed out receiving message from renderer: 0.100
[1609590703.534][SEVERE]: Timed out receiving message from renderer: 0.100
</system-err>
  </testcase>
</testsuite>