<?xml version="1.0" encoding="UTF-8"?>
<!-- Generated by org.testng.reporters.JUnitReportReporter -->
<testsuite hostname="administrator-Latitude-3490" failures="0" tests="2" name="seleniumproject.TestClass.TestCases" time="0.322" errors="0" timestamp="2020-10-26T21:21:56 IST" skipped="0">
  <testcase classname="seleniumproject.TestClass.TestCases" name="getTitleOfPage" time="0.011"/>
  <system-out/>
  <testcase classname="seleniumproject.TestClass.TestCases" name="searchForCricket" time="0.311"/>
  <system-out/>
</testsuite> <!-- seleniumproject.TestClass.TestCases -->
