<?xml version="1.0" encoding="UTF-8"?>
<!-- Generated by org.testng.reporters.JUnitReportReporter -->
<testsuite hostname="administrator-Latitude-3490" failures="0" tests="2" name="seleniumproject.TestClass.TestCases" time="0.408" errors="0" timestamp="2020-10-26T22:43:36 IST" skipped="0">
  <testcase classname="seleniumproject.TestClass.TestCases" name="getTitleOfPage" time="0.012"/>
  <system-out/>
  <testcase classname="seleniumproject.TestClass.TestCases" name="searchForCricket" time="0.396"/>
  <system-out/>
</testsuite> <!-- seleniumproject.TestClass.TestCases -->
